{
  "stats": {
    "suites": 1,
    "tests": 6,
    "passes": 6,
    "pending": 0,
    "failures": 0,
    "start": "2021-11-05T10:39:27.417Z",
    "end": "2021-11-05T10:39:45.821Z",
    "duration": 18404,
    "testsRegistered": 6,
    "passPercent": 100,
    "pendingPercent": 0,
    "other": 0,
    "hasOther": false,
    "skipped": 0,
    "hasSkipped": false
  },
  "results": [
    {
      "uuid": "18e2bade-63b1-4135-b707-8a81fe1fc90f",
      "title": "",
      "fullFile": "cypress/integration/regression-page-objects.spec.js",
      "file": "cypress/integration/regression-page-objects.spec.js",
      "beforeHooks": [],
      "afterHooks": [],
      "tests": [],
      "suites": [
        {
          "uuid": "26c19363-2916-4b69-aac6-bdd44893ae87",
          "title": "Test suite - regression tests",
          "fullFile": "",
          "file": "",
          "beforeHooks": [],
          "afterHooks": [],
          "tests": [
            {
              "title": "Perform Login and Logout",
              "fullTitle": "Test suite - regression tests Perform Login and Logout",
              "timedOut": null,
              "duration": 1731,
              "state": "passed",
              "speed": "fast",
              "pass": true,
              "fail": false,
              "pending": false,
              "context": null,
              "code": "indexFuncs.performValidLogin(cy, targets.username, targets.password, 'Tester Hotel Overview');",
              "err": {},
              "uuid": "dea90aa6-e773-4de2-b21d-482a2e079111",
              "parentUUID": "26c19363-2916-4b69-aac6-bdd44893ae87",
              "isHook": false,
              "skipped": false
            },
            {
              "title": "T03 - create new room",
              "fullTitle": "Test suite - regression tests T03 - create new room",
              "timedOut": null,
              "duration": 2797,
              "state": "passed",
              "speed": "fast",
              "pass": true,
              "fail": false,
              "pending": false,
              "context": null,
              "code": "indexFuncs.performValidLogin(cy, targets.username, targets.password, 'Tester Hotel Overview');\ndashboardFuncs.navigateToViewRooms(cy, 'Rooms');\nroomsFuncs.checkRoomIsNotPresent(cy);\nroomsFuncs.navigateToCreateRoom(cy, 'New Room'); //move to targets, faker?\ncreateRoomFuncs.selectCategoryDouble(cy, 'Double'); //move to targets, faker?\ncreateRoomFuncs.selectRoomNumber(cy, '103'); //move to targets, faker?\ncreateRoomFuncs.selectFloor(cy, '1');\ncreateRoomFuncs.checkBox(cy);\ncreateRoomFuncs.selectPrice(cy);\ncreateRoomFuncs.selectFeature(cy);\ncreateRoomFuncs.clickSave(cy, 'Rooms'); //Assert new data is correct\nroomsFuncs.assertNewRoomData(cy, 'Floor 1, Room 103'); //move to targets, faker?\nroomsFuncs.checkRoomIsCreated(cy);\nroomsFuncs.deleteRoom(cy);\nroomsFuncs.checkRoomIsNotPresent(cy);",
              "err": {},
              "uuid": "4fc82926-0a6a-40ee-b385-8e75ae8559ff",
              "parentUUID": "26c19363-2916-4b69-aac6-bdd44893ae87",
              "isHook": false,
              "skipped": false
            },
            {
              "title": "T04 - create client",
              "fullTitle": "Test suite - regression tests T04 - create client",
              "timedOut": null,
              "duration": 2885,
              "state": "passed",
              "speed": "fast",
              "pass": true,
              "fail": false,
              "pending": false,
              "context": null,
              "code": "indexFuncs.performValidLogin(cy, targets.username, targets.password, 'Tester Hotel Overview');\ndashboardFuncs.navigateToViewClients(cy, 'Clients');\nclientsFuncs.checkTitleOfClientsPage(cy);\nclientsFuncs.checkClientIsNotPresent(cy);\nclientsFuncs.clickCreateClient(cy, 'New Client');\ncreateClientFuncs.checkTitleOfCreateClientPage(cy);\ncreateClientFuncs.giveClientName(cy, 'John Doe'); //move to targets?\ncreateClientFuncs.giveClientEmail(cy, 'john.doe@email.com'); //move to targets?\ncreateClientFuncs.giveClientTelephone(cy, '070-1234567'); //move to targets?\ncreateClientFuncs.clickSaveClient(cy, 'Clients'); //Assert new data is correct\nclientsFuncs.assertNewClientData(cy, 'John Doe (#3)', 'john.doe@email.com', '070-1234567'); //move to targets?\nclientsFuncs.checkClientIsCreated(cy);\nclientsFuncs.openMenuCreatedClient(cy);\nclientsFuncs.deleteCreatedClient(cy);\nclientsFuncs.checkClientIsNotPresent(cy);",
              "err": {},
              "uuid": "d50cf633-85fe-4da6-b025-a68c62dd0462",
              "parentUUID": "26c19363-2916-4b69-aac6-bdd44893ae87",
              "isHook": false,
              "skipped": false
            },
            {
              "title": "T05 - create bill",
              "fullTitle": "Test suite - regression tests T05 - create bill",
              "timedOut": null,
              "duration": 2124,
              "state": "passed",
              "speed": "fast",
              "pass": true,
              "fail": false,
              "pending": false,
              "context": null,
              "code": "indexFuncs.performValidLogin(cy, targets.username, targets.password, 'Tester Hotel Overview');\ndashboardFuncs.navigateToViewBills(cy, 'Bills');\nbillsFuncs.checkTitleBillsPage(cy);\nbillsFuncs.checkBillIsNotPresent(cy);\nbillsFuncs.navigateToCreateBill(cy, 'New Bill');\ncreateBillsFuncs.checkTitleCreateBillsPage(cy);\ncreateBillsFuncs.enterValue(cy); //createBillsFuncs.checkBox(cy)\ncreateBillsFuncs.saveNewBill(cy, 'Bills');\nbillsFuncs.checkBillIsCreated(cy);\nbillsFuncs.openMenuCreatedBill(cy);\nbillsFuncs.deleteCreatedBill(cy);\nbillsFuncs.checkBillIsNotPresent(cy);",
              "err": {},
              "uuid": "9e380301-400f-42aa-8372-b678f3a5b812",
              "parentUUID": "26c19363-2916-4b69-aac6-bdd44893ae87",
              "isHook": false,
              "skipped": false
            },
            {
              "title": "T06 - create reservation",
              "fullTitle": "Test suite - regression tests T06 - create reservation",
              "timedOut": null,
              "duration": 2818,
              "state": "passed",
              "speed": "fast",
              "pass": true,
              "fail": false,
              "pending": false,
              "context": null,
              "code": "indexFuncs.performValidLogin(cy, targets.username, targets.password, 'Tester Hotel Overview');\ndashboardFuncs.navigateToViewReservation(cy, 'Reservations'); //Content to confirm\nreservationsFuncs.checkTitleReservationsPage(cy);\nreservationsFuncs.checkReservationIsNotPresent(cy);\nreservationsFuncs.clickCreateReservation(cy, 'New Reservation');\nnewReservationFuncs.checkTitleNewReservationsPage(cy);\nnewReservationFuncs.enterStart(cy, '2021-12-12'); //move to targets?\nnewReservationFuncs.enterEnd(cy, '2021-12-13'); //move to targets?\nnewReservationFuncs.selectClient(cy);\nnewReservationFuncs.selectRoom(cy);\nnewReservationFuncs.selectBill(cy);\nnewReservationFuncs.saveNewReservation(cy, 'Reservations');\nreservationsFuncs.checkTitleReservationsPage(cy); //Assert data is correct and reservation is made\nreservationsFuncs.assertNewData(cy, '2021-12-12', '2021-12-13');\nreservationsFuncs.checkReservationIsCreated(cy);\nreservationsFuncs.openMenuCreatedReservation(cy);\nreservationsFuncs.deleteCreatedReservation(cy);\nreservationsFuncs.checkReservationIsNotPresent(cy);",
              "err": {},
              "uuid": "707f68de-5883-45d5-ad40-205d76d114f9",
              "parentUUID": "26c19363-2916-4b69-aac6-bdd44893ae87",
              "isHook": false,
              "skipped": false
            },
            {
              "title": "T07 - change reservation",
              "fullTitle": "Test suite - regression tests T07 - change reservation",
              "timedOut": null,
              "duration": 4435,
              "state": "passed",
              "speed": "fast",
              "pass": true,
              "fail": false,
              "pending": false,
              "context": null,
              "code": "indexFuncs.performValidLogin(cy, targets.username, targets.password, 'Tester Hotel Overview');\ndashboardFuncs.navigateToViewReservation(cy, 'Reservations');\nreservationsFuncs.checkTitleReservationsPage(cy); //Assert original data is correct\nreservationsFuncs.assertNewData(cy, '2020-04-01', '2020-04-04'); //Move to targets?\nreservationsFuncs.openMenuExistingReservation(cy);\nreservationsFuncs.clickEditExistingReservation(cy);\neditReservationPage.checkTitleEditPage(cy);\neditReservationPage.clearStartTextfield(cy);\neditReservationPage.enterNewStart(cy, '2021-12-12'); //Move to targets?\neditReservationPage.clearEndTextfield(cy);\neditReservationPage.enterNewEnd(cy, '2021-12-13'); //Move to targets?\neditReservationPage.saveReservation(cy);\nreservationsFuncs.checkTitleReservationsPage(cy); //Assert new data is correct\nreservationsFuncs.assertNewData(cy, '2021-12-12', '2021-12-13'); //move to targets?\nreservationsFuncs.openMenuExistingReservation(cy);\nreservationsFuncs.clickEditExistingReservation(cy);\neditReservationPage.checkTitleEditPage(cy);\neditReservationPage.clearStartTextfield(cy);\neditReservationPage.enterOldStart(cy, '2020-04-01'); //Move to targets?\neditReservationPage.clearEndTextfield(cy);\neditReservationPage.enterOldEnd(cy, '2020-04-04'); //Move to targets?\neditReservationPage.saveReservation(cy);\nreservationsFuncs.assertNewData(cy, '2020-04-01', '2020-04-04'); //Move to targets?\nreservationsFuncs.checkTitleReservationsPage(cy);",
              "err": {},
              "uuid": "33ee059b-333e-4a2c-afab-b324ca866a88",
              "parentUUID": "26c19363-2916-4b69-aac6-bdd44893ae87",
              "isHook": false,
              "skipped": false
            }
          ],
          "suites": [],
          "passes": [
            "dea90aa6-e773-4de2-b21d-482a2e079111",
            "4fc82926-0a6a-40ee-b385-8e75ae8559ff",
            "d50cf633-85fe-4da6-b025-a68c62dd0462",
            "9e380301-400f-42aa-8372-b678f3a5b812",
            "707f68de-5883-45d5-ad40-205d76d114f9",
            "33ee059b-333e-4a2c-afab-b324ca866a88"
          ],
          "failures": [],
          "pending": [],
          "skipped": [],
          "duration": 16790,
          "root": false,
          "rootEmpty": false,
          "_timeout": 2000
        }
      ],
      "passes": [],
      "failures": [],
      "pending": [],
      "skipped": [],
      "duration": 0,
      "root": true,
      "rootEmpty": true,
      "_timeout": 2000
    }
  ],
  "meta": {
    "mocha": {
      "version": "7.0.1"
    },
    "mochawesome": {
      "options": {
        "quiet": false,
        "reportFilename": "mochawesome",
        "saveHtml": true,
        "saveJson": true,
        "consoleReporter": "spec",
        "useInlineDiffs": false,
        "code": true
      },
      "version": "7.0.0"
    },
    "marge": {
      "options": null,
      "version": "6.0.0"
    }
  }
}