{
  "stats": {
    "suites": 1,
    "tests": 5,
    "passes": 1,
    "pending": 0,
    "failures": 4,
    "start": "2021-11-04T12:41:05.794Z",
    "end": "2021-11-04T12:41:25.929Z",
    "duration": 20135,
    "testsRegistered": 5,
    "passPercent": 20,
    "pendingPercent": 0,
    "other": 0,
    "hasOther": false,
    "skipped": 0,
    "hasSkipped": false
  },
  "results": [
    {
      "uuid": "728f3295-070f-4268-ae7d-a1f20ff8d399",
      "title": "",
      "fullFile": "cypress/integration/regression-test-suite.spec.js",
      "file": "cypress/integration/regression-test-suite.spec.js",
      "beforeHooks": [],
      "afterHooks": [],
      "tests": [],
      "suites": [
        {
          "uuid": "4a7a59a3-fd20-4cbd-99fd-753b1db2404d",
          "title": "Regression test suite",
          "fullFile": "",
          "file": "",
          "beforeHooks": [],
          "afterHooks": [],
          "tests": [
            {
              "title": "T03 - create room",
              "fullTitle": "Regression test suite T03 - create room",
              "timedOut": null,
              "duration": 1725,
              "state": "passed",
              "speed": "fast",
              "pass": true,
              "fail": false,
              "pending": false,
              "context": null,
              "code": "cy.visit('http://localhost:3000/login');\ncy.get('h2').contains('Login');\ncy.get(':nth-child(1) > input').type('tester01');\ncy.get(':nth-child(2) > input').type('GteteqbQQgSr88SwNExUQv2ydb7xuf8c');\ncy.get('.btn').click(); //Assert correct user is logged in\ncy.get('.username').contains('tester01'); //Assert you are on correct page\n// cy.get('h2').contains('Tester Hotel Overview')\n//cy.get(':nth-child(1) > .btn').click()\n//Assert page is correct\n//cy.get('h2 > div').contains('Rooms')\n//cy.get('h2 > .btn').click()\n//cy.get('h2 > div').contains('New Room')\n// cy.get(':nth-child(1) > select').type('Double')\n//cy.get(':nth-child(1) > select').click()\n//cy.get(':nth-child(1) > select').select('Double')\n//cy.get(':nth-child(2) > input').type('103')\n//cy.get(':nth-child(3) > input').type('1')\n// cy.get('.checkbox').click()\n//  cy.get(':nth-child(6) > select').select('penthouse')\n// cy.get('.blue').click()\n// cy.get(':nth-child(3) > .icon').contains('103')\n// cy.get(':nth-child(3) > .action').click()\n// cy.get('.menu > :nth-child(2)').click()\n// cy.get('.rooms > :nth-child(3)').should(\"not.exist\")",
              "err": {},
              "uuid": "ed130793-46a2-4632-a81a-8354f667e918",
              "parentUUID": "4a7a59a3-fd20-4cbd-99fd-753b1db2404d",
              "isHook": false,
              "skipped": false
            },
            {
              "title": "T04 - create client",
              "fullTitle": "Regression test suite T04 - create client",
              "timedOut": null,
              "duration": 4233,
              "state": "failed",
              "speed": null,
              "pass": false,
              "fail": true,
              "pending": false,
              "context": null,
              "code": "//  cy.visit('http://localhost:3000/login')\n// cy.get('h2').contains('Login')\n//cy.get(':nth-child(1) > input').type('tester01')\n//cy.get(':nth-child(2) > input').type('GteteqbQQgSr88SwNExUQv2ydb7xuf8c')\n// cy.get('.btn').click()\n//Assert correct user is logged in\n//  cy.get('.username').contains('tester01')\n//Assert you are on correct page\n//   cy.get('h2').contains('Tester Hotel Overview')\n//  cy.get('.blocks > :nth-child(2) > .btn').click()\ncy.get('h2 > div').contains('Clients'); // cy.get('h2 > .btn').click()\ncy.get('h2 > div').contains('New Client'); //  cy.get(':nth-child(1) > input').type('John Doe')\n// cy.get(':nth-child(2) > input').type('john.doe@email.com')\n// cy.get(':nth-child(3) > input').type('070-1234567')\n//  cy.get('.blue').click()\n// cy.get(':nth-child(3) > .action').click()\n//    cy.get('.menu > :nth-child(2)').click()\n//  cy.get('.clients > :nth-child(3)').should(\"not.exist\")",
              "err": {
                "message": "AssertionError: Timed out retrying after 4000ms: Expected to find element: `h2 > div`, but never found it.",
                "estack": "AssertionError: Timed out retrying after 4000ms: Expected to find element: `h2 > div`, but never found it.\n    at Context.eval (http://localhost:3000/__cypress/tests?p=cypress/integration/regression-test-suite.spec.js:160:8)",
                "diff": null
              },
              "uuid": "46e13d17-5239-4a4e-a7e0-56cae2069700",
              "parentUUID": "4a7a59a3-fd20-4cbd-99fd-753b1db2404d",
              "isHook": false,
              "skipped": false
            },
            {
              "title": "T05 - create bill",
              "fullTitle": "Regression test suite T05 - create bill",
              "timedOut": null,
              "duration": 4246,
              "state": "failed",
              "speed": null,
              "pass": false,
              "fail": true,
              "pending": false,
              "context": null,
              "code": "//  cy.visit('http://localhost:3000/')  \n//cy.get('.user > .btn').click()\n//cy.get('h2').contains('Login')login')\n//  cy.get('h2').contains('Login')\n//  cy.get(':nth-child(1) > input').type('tester01')\n//  cy.get(':nth-child(2) > input').type('GteteqbQQgSr88SwNExUQv2ydb7xuf8c')\n//  cy.get('.btn').click()\n//Assert correct user is logged in\ncy.get('.username').contains('tester01'); //Assert you are on correct page\ncy.get('h2').contains('Tester Hotel Overview'); // cy.get(':nth-child(3) > .btn').click()\n//Assert you are in correct page\ncy.get('h2 > div').contains('Bills'); //cy.get('h2 > .btn').click()\ncy.get('h2 > div').contains('New Bill'); // cy.get('input').type('2000')\n//        cy.get('.blue').click()\ncy.get(':nth-child(2) > .id').contains('ID: 2');\ncy.get(':nth-child(2) > .value').contains('2000kr');\ncy.get(':nth-child(2) > .paid').contains('Yes');\ncy.get('h2 > div').contains('Bills'); //   cy.get(':nth-child(2) > .action').click()\n//  cy.get('.menu > :nth-child(2)').click()\n// cy.get('.bills > :nth-child(2)').should(\"not.exist\")",
              "err": {
                "message": "AssertionError: Timed out retrying after 4000ms: Expected to find element: `h2 > div`, but never found it.",
                "estack": "AssertionError: Timed out retrying after 4000ms: Expected to find element: `h2 > div`, but never found it.\n    at Context.eval (http://localhost:3000/__cypress/tests?p=cypress/integration/regression-test-suite.spec.js:184:8)",
                "diff": null
              },
              "uuid": "2c87fbb4-4363-46e2-ac2b-8ec9bd201ce0",
              "parentUUID": "4a7a59a3-fd20-4cbd-99fd-753b1db2404d",
              "isHook": false,
              "skipped": false
            },
            {
              "title": "T06 - create reservation",
              "fullTitle": "Regression test suite T06 - create reservation",
              "timedOut": null,
              "duration": 4345,
              "state": "failed",
              "speed": null,
              "pass": false,
              "fail": true,
              "pending": false,
              "context": null,
              "code": "//  cy.visit('http://localhost:3000/login')\n//cy.get('h2').contains('Login')\n//cy.get(':nth-child(1) > input').type('tester01')\n//cy.get(':nth-child(2) > input').type('GteteqbQQgSr88SwNExUQv2ydb7xuf8c')\n//cy.get('.btn').click()\n//Assert correct user is logged   //cy.get('.user > .btn').click()\n//cy.get('h2').contains('Login')in\ncy.get('.username').contains('tester01'); //Assert you are on correct page\n//  cy.get('h2').contains('Tester Hotel Overview')\ncy.get(':nth-child(4) > .btn').click();\ncy.get('h2 > div').contains('Reservations'); // cy.get('h2 > .btn').click()\n// cy.get(':nth-child(1) > input').type('2021-12-12')\n// cy.get(':nth-child(2) > input').type('2021-12-13')\n//        cy.get(':nth-child(3) > select').select('1')\n// cy.get(':nth-child(4) > select').select('1')\n//   cy.get(':nth-child(5) > select').select('1')\n//   cy.get('.blue').click()\ncy.get(':nth-child(2) > .id').contains('2'); //  cy.get(':nth-child(2) > .action').click()\n//    cy.get('.menu > :nth-child(2)').click()\n//  cy.get('.reservations > :nth-child(2)').should(\"not.exist\")\n//cy.get('.user > .btn').click()",
              "err": {
                "message": "AssertionError: Timed out retrying after 4000ms: Expected to find element: `:nth-child(2) > .id`, but never found it.",
                "estack": "AssertionError: Timed out retrying after 4000ms: Expected to find element: `:nth-child(2) > .id`, but never found it.\n    at Context.eval (http://localhost:3000/__cypress/tests?p=cypress/integration/regression-test-suite.spec.js:216:8)",
                "diff": null
              },
              "uuid": "93441d94-32cc-4e7e-9120-bb39be2488fd",
              "parentUUID": "4a7a59a3-fd20-4cbd-99fd-753b1db2404d",
              "isHook": false,
              "skipped": false
            },
            {
              "title": "T07 - change reservation",
              "fullTitle": "Regression test suite T07 - change reservation",
              "timedOut": null,
              "duration": 4204,
              "state": "failed",
              "speed": null,
              "pass": false,
              "fail": true,
              "pending": false,
              "context": null,
              "code": "//cy.visit('http://localhost:3000/login')\n//cy.get('h2').contains('Login')\n//cy.get(':nth-child(1) > input').type('tester01')\n//cy.get(':nth-child(2) > input').type('GteteqbQQgSr88SwNExUQv2ydb7xuf8c')\n//  cy.get('.btn').click()\n//Assert correct user is logged in\ncy.get('.username').contains('tester01'); //Assert you are on correct page\n//cy.get('h2').contains('Tester Hotel Overview')\n//cy.get(':nth-child(4) > .btn').click()\n//cy.get('h2 > div').contains('Reservations')\n//Select reservation :1\n// cy.get('.action').click()\n//cy.get('.menu > :nth-child(1)').click()\ncy.get('h2 > div').contains('Reservation: 1'); //  cy.get(':nth-child(3) > input').clear()\n//  cy.get(':nth-child(3) > input').type('2021-12-12')\n// cy.get(':nth-child(4) > input').clear()\n//cy.get(':nth-child(4) > input').type('2021-12-13')\ncy.get('.blue').click();\ncy.get('h2 > div').contains('Reservations');\ncy.get('.id').contains('1');\ncy.get('.start').contains('2021-12-12');\ncy.get('.end').contains('2021-12-13');\ncy.get('.action').click();\ncy.get('.menu > :nth-child(1)').click();\ncy.get('h2 > div').contains('Reservation: 1');\ncy.get(':nth-child(3) > input').clear();\ncy.get(':nth-child(3) > input').type('2020-04-01');\ncy.get(':nth-child(4) > input').clear();\ncy.get(':nth-child(4) > input').type('2020-04-04');\ncy.get('.blue').click();\ncy.wait(500);\ncy.get('h2 > div').contains('Reservations');\ncy.get('.id').contains('1');\ncy.get('.start').contains('2019-01-01');\ncy.get('.end').contains('2019-01-02');\ncy.get('.user > .btn').click();\ncy.wait(500);\ncy.get('h2').contains('Login');",
              "err": {
                "message": "AssertionError: Timed out retrying after 4000ms: Expected to find content: 'Reservation: 1' within the element: <div> but never did.",
                "estack": "AssertionError: Timed out retrying after 4000ms: Expected to find content: 'Reservation: 1' within the element: <div> but never did.\n    at Context.eval (http://localhost:3000/__cypress/tests?p=cypress/integration/regression-test-suite.spec.js:236:24)",
                "diff": null
              },
              "uuid": "47d7ef32-2f68-4a1e-9a22-c183d3198471",
              "parentUUID": "4a7a59a3-fd20-4cbd-99fd-753b1db2404d",
              "isHook": false,
              "skipped": false
            }
          ],
          "suites": [],
          "passes": [
            "ed130793-46a2-4632-a81a-8354f667e918"
          ],
          "failures": [
            "46e13d17-5239-4a4e-a7e0-56cae2069700",
            "2c87fbb4-4363-46e2-ac2b-8ec9bd201ce0",
            "93441d94-32cc-4e7e-9120-bb39be2488fd",
            "47d7ef32-2f68-4a1e-9a22-c183d3198471"
          ],
          "pending": [],
          "skipped": [],
          "duration": 18753,
          "root": false,
          "rootEmpty": false,
          "_timeout": 2000
        }
      ],
      "passes": [],
      "failures": [],
      "pending": [],
      "skipped": [],
      "duration": 0,
      "root": true,
      "rootEmpty": true,
      "_timeout": 2000
    }
  ],
  "meta": {
    "mocha": {
      "version": "7.0.1"
    },
    "mochawesome": {
      "options": {
        "quiet": false,
        "reportFilename": "mochawesome",
        "saveHtml": true,
        "saveJson": true,
        "consoleReporter": "spec",
        "useInlineDiffs": false,
        "code": true
      },
      "version": "7.0.0"
    },
    "marge": {
      "options": null,
      "version": "6.0.0"
    }
  }
}