{
  "stats": {
    "suites": 1,
    "tests": 5,
    "passes": 5,
    "pending": 0,
    "failures": 0,
    "start": "2021-11-25T12:48:11.731Z",
    "end": "2021-11-25T12:48:14.724Z",
    "duration": 2993,
    "testsRegistered": 5,
    "passPercent": 100,
    "pendingPercent": 0,
    "other": 0,
    "hasOther": false,
    "skipped": 0,
    "hasSkipped": false
  },
  "results": [
    {
      "uuid": "e959837a-2a4f-4634-a3b0-14c61e55135c",
      "title": "",
      "fullFile": "cypress/integration/backend-tests.spec.js",
      "file": "cypress/integration/backend-tests.spec.js",
      "beforeHooks": [],
      "afterHooks": [],
      "tests": [],
      "suites": [
        {
          "uuid": "c90f818f-ca29-4dad-b34a-3352fdc88b2d",
          "title": "Backend tests",
          "fullFile": "",
          "file": "",
          "beforeHooks": [],
          "afterHooks": [],
          "tests": [
            {
              "title": "T1 - Create and delete new bill",
              "fullTitle": "Backend tests T1 - Create and delete new bill",
              "timedOut": null,
              "duration": 618,
              "state": "passed",
              "speed": "fast",
              "pass": true,
              "fail": false,
              "pending": false,
              "context": null,
              "code": "const responseBody = billsHelpers.createBillRequestAndDelete();",
              "err": {},
              "uuid": "c6142192-5dcf-4a62-b605-9ce01762bf21",
              "parentUUID": "c90f818f-ca29-4dad-b34a-3352fdc88b2d",
              "isHook": false,
              "skipped": false
            },
            {
              "title": "T2 - Create and delete room",
              "fullTitle": "Backend tests T2 - Create and delete room",
              "timedOut": null,
              "duration": 569,
              "state": "passed",
              "speed": "fast",
              "pass": true,
              "fail": false,
              "pending": false,
              "context": null,
              "code": "roomsHelpers.createRoomAndDelete();",
              "err": {},
              "uuid": "7f7af7a6-8de5-4761-9097-3713c5989d1e",
              "parentUUID": "c90f818f-ca29-4dad-b34a-3352fdc88b2d",
              "isHook": false,
              "skipped": false
            },
            {
              "title": "T3 - Update and delete room",
              "fullTitle": "Backend tests T3 - Update and delete room",
              "timedOut": null,
              "duration": 598,
              "state": "passed",
              "speed": "fast",
              "pass": true,
              "fail": false,
              "pending": false,
              "context": null,
              "code": "roomsHelpers.updateRoomAndDelete();",
              "err": {},
              "uuid": "0cb280e4-bb0e-4fa2-b2aa-0026f06a45ab",
              "parentUUID": "c90f818f-ca29-4dad-b34a-3352fdc88b2d",
              "isHook": false,
              "skipped": false
            },
            {
              "title": "T4 - Update and delete reservation",
              "fullTitle": "Backend tests T4 - Update and delete reservation",
              "timedOut": null,
              "duration": 627,
              "state": "passed",
              "speed": "fast",
              "pass": true,
              "fail": false,
              "pending": false,
              "context": null,
              "code": "reservationHelpers.updateReservationAndDelete();",
              "err": {},
              "uuid": "6f26bca1-f30c-4619-85c8-d7d55f683cb6",
              "parentUUID": "c90f818f-ca29-4dad-b34a-3352fdc88b2d",
              "isHook": false,
              "skipped": false
            },
            {
              "title": "T5 - Create and delete reservation",
              "fullTitle": "Backend tests T5 - Create and delete reservation",
              "timedOut": null,
              "duration": 554,
              "state": "passed",
              "speed": "fast",
              "pass": true,
              "fail": false,
              "pending": false,
              "context": null,
              "code": "reservationHelpers.createReservationAndDelete();",
              "err": {},
              "uuid": "a4d61a9a-0e39-40bd-ba9d-83ac373ac710",
              "parentUUID": "c90f818f-ca29-4dad-b34a-3352fdc88b2d",
              "isHook": false,
              "skipped": false
            }
          ],
          "suites": [],
          "passes": [
            "c6142192-5dcf-4a62-b605-9ce01762bf21",
            "7f7af7a6-8de5-4761-9097-3713c5989d1e",
            "0cb280e4-bb0e-4fa2-b2aa-0026f06a45ab",
            "6f26bca1-f30c-4619-85c8-d7d55f683cb6",
            "a4d61a9a-0e39-40bd-ba9d-83ac373ac710"
          ],
          "failures": [],
          "pending": [],
          "skipped": [],
          "duration": 2966,
          "root": false,
          "rootEmpty": false,
          "_timeout": 2000
        }
      ],
      "passes": [],
      "failures": [],
      "pending": [],
      "skipped": [],
      "duration": 0,
      "root": true,
      "rootEmpty": true,
      "_timeout": 2000
    }
  ],
  "meta": {
    "mocha": {
      "version": "7.0.1"
    },
    "mochawesome": {
      "options": {
        "quiet": false,
        "reportFilename": "mochawesome",
        "saveHtml": true,
        "saveJson": true,
        "consoleReporter": "spec",
        "useInlineDiffs": false,
        "code": true
      },
      "version": "7.0.0"
    },
    "marge": {
      "options": null,
      "version": "6.0.0"
    }
  }
}